<?xml version="1.0" encoding="UTF-8"?>
<robot generator="Robot 7.2.2 (Python 3.9.22 on linux)" generated="2025-05-07T12:54:10.083915" rpa="false" schemaversion="5">
<suite id="s1" name="Tests" source="/app/tests">
<suite id="s1-s1" name="Browser Test" source="/app/tests/browser_test.robot">
<kw name="Open Managed Browser" type="SETUP">
<msg time="2025-05-07T12:54:10.517856" level="TRACE">Arguments: [  ]</msg>
<kw name="Get Chrome Driver" owner="DriverManager">
<msg time="2025-05-07T12:54:10.520014" level="TRACE">Arguments: [  ]</msg>
<msg time="2025-05-07T12:54:10.526775" level="INFO">====== WebDriver manager ======</msg>
<msg time="2025-05-07T12:54:10.551583" level="INFO">Get LATEST chromedriver version for google-chrome None</msg>
<msg time="2025-05-07T12:54:10.557089" level="DEBUG">Starting new HTTPS connection (1): chromedriver.storage.googleapis.com:443</msg>
<msg time="2025-05-07T12:54:10.916906" level="DEBUG">https://chromedriver.storage.googleapis.com:443 "GET /LATEST_RELEASE HTTP/1.1" 200 13</msg>
<msg time="2025-05-07T12:54:10.948752" level="INFO">There is no [linux64] chromedriver for browser None in cache</msg>
<msg time="2025-05-07T12:54:10.949647" level="INFO">About to download new driver from https://chromedriver.storage.googleapis.com/114.0.5735.90/chromedriver_linux64.zip</msg>
<msg time="2025-05-07T12:54:10.952220" level="DEBUG">Starting new HTTPS connection (1): chromedriver.storage.googleapis.com:443</msg>
<msg time="2025-05-07T12:54:11.283145" level="DEBUG">https://chromedriver.storage.googleapis.com:443 "GET /114.0.5735.90/chromedriver_linux64.zip HTTP/1.1" 200 7407250</msg>
<msg time="2025-05-07T12:54:13.485855" level="INFO">Error detecting Chrome version: [Errno 2] No such file or directory: '/Applications/Google Chrome.app/Contents/MacOS/Google Chrome'</msg>
<msg time="2025-05-07T12:54:13.511418" level="INFO">[WDM] - Downloading:   0%|          | 0.00/7.06M [00:00&lt;?, ?B/s][WDM] - Downloading:  18%|#7        | 1.24M/7.06M [00:00&lt;00:00, 12.8MB/s][WDM] - Downloading:  35%|###4      | 2.47M/7.06M [00:00&lt;00:00, 6.35MB/s][WDM] - Downloading:  46%|####5     | 3.24M/7.06M [00:00&lt;00:00, 5.29MB/s][WDM] - Downloading:  54%|#####4    | 3.84M/7.06M [00:00&lt;00:00, 4.65MB/s][WDM] - Downloading:  61%|######1   | 4.33M/7.06M [00:00&lt;00:00, 4.38MB/s][WDM] - Downloading:  68%|######7   | 4.77M/7.06M [00:01&lt;00:00, 3.89MB/s][WDM] - Downloading:  74%|#######3  | 5.20M/7.06M [00:01&lt;00:00, 4.03MB/s][WDM] - Downloading:  79%|#######9  | 5.61M/7.06M [00:01&lt;00:00, 3.38MB/s][WDM] - Downloading:  84%|########4 | 5.95M/7.06M [00:01&lt;00:00, 3.22MB/s][WDM] - Downloading:  89%|########8 | 6.27M/7.06M [00:01&lt;00:00, 3.24MB/s][WDM] - Downloading:  94%|#########3| 6.62M/7.06M [00:01&lt;00:00, 3.29MB/s][WDM] - Downloading: 100%|##########| 7.06M/7.06M [00:01&lt;00:00, 4.38MB/s]</msg>
<msg time="2025-05-07T12:54:13.543105" level="FAIL">PermissionError: [Errno 13] Permission denied: '/home/robot'</msg>
<msg time="2025-05-07T12:54:13.568349" level="DEBUG">Traceback (most recent call last):
  File "/app/lib/DriverManager.py", line 27, in get_chrome_driver
    return ChromeDriverManager(version=driver_version).install()
  File "/usr/local/lib/python3.9/site-packages/webdriver_manager/chrome.py", line 39, in install
    driver_path = self._get_driver_path(self.driver)
  File "/usr/local/lib/python3.9/site-packages/webdriver_manager/core/manager.py", line 31, in _get_driver_path
    binary_path = self.driver_cache.save_file_to_cache(driver, file)
  File "/usr/local/lib/python3.9/site-packages/webdriver_manager/core/driver_cache.py", line 45, in save_file_to_cache
    archive = save_file(file, path)
  File "/usr/local/lib/python3.9/site-packages/webdriver_manager/core/utils.py", line 38, in save_file
    os.makedirs(directory, exist_ok=True)
  File "/usr/local/lib/python3.9/os.py", line 215, in makedirs
    makedirs(head, exist_ok=exist_ok)
  File "/usr/local/lib/python3.9/os.py", line 215, in makedirs
    makedirs(head, exist_ok=exist_ok)
  File "/usr/local/lib/python3.9/os.py", line 215, in makedirs
    makedirs(head, exist_ok=exist_ok)
  [Previous line repeated 2 more times]
  File "/usr/local/lib/python3.9/os.py", line 225, in makedirs
    mkdir(name, mode)
PermissionError: [Errno 13] Permission denied: '/home/robot'</msg>
<var>${driver_path}</var>
<status status="FAIL" start="2025-05-07T12:54:10.519814" elapsed="3.048973">PermissionError: [Errno 13] Permission denied: '/home/robot'</status>
</kw>
<kw name="Open Browser" owner="SeleniumLibrary">
<arg>${BASE_URL}</arg>
<arg>${BROWSER}</arg>
<arg>executable_path=${driver_path}</arg>
<doc>Opens a new browser instance to the optional ``url``.</doc>
<status status="NOT RUN" start="2025-05-07T12:54:13.577890" elapsed="0.000280"/>
</kw>
<status status="FAIL" start="2025-05-07T12:54:10.517244" elapsed="3.061526">PermissionError: [Errno 13] Permission denied: '/home/robot'</status>
</kw>
<test id="s1-s1-t1" name="Verify Google Title" line="19">
<doc>Open google.com and verify its title</doc>
<status status="FAIL" start="2025-05-07T12:54:13.580838" elapsed="0.011981">Parent suite setup failed:
PermissionError: [Errno 13] Permission denied: '/home/robot'</status>
</test>
<kw name="Close All Browsers" owner="SeleniumLibrary" type="TEARDOWN">
<msg time="2025-05-07T12:54:13.608295" level="TRACE">Arguments: [  ]</msg>
<msg time="2025-05-07T12:54:13.609929" level="DEBUG">Closing all browsers.</msg>
<msg time="2025-05-07T12:54:13.610185" level="TRACE">Return: None</msg>
<doc>Closes all open browsers and resets the browser cache.</doc>
<status status="PASS" start="2025-05-07T12:54:13.607442" elapsed="0.002896"/>
</kw>
<status status="FAIL" start="2025-05-07T12:54:10.155445" elapsed="3.455053">Suite setup failed:
PermissionError: [Errno 13] Permission denied: '/home/robot'</status>
</suite>
<suite id="s1-s2" name="Hello World" source="/app/tests/hello_world.robot">
<test id="s1-s2-t1" name="Hello World Should Pass" line="5">
<kw name="Log" owner="BuiltIn">
<msg time="2025-05-07T12:54:13.631935" level="TRACE">Arguments: [ 'Hello, Robot Framework on macOS!' ]</msg>
<msg time="2025-05-07T12:54:13.632312" level="INFO">Hello, Robot Framework on macOS!</msg>
<msg time="2025-05-07T12:54:13.632359" level="TRACE">Return: None</msg>
<arg>Hello, Robot Framework on macOS!</arg>
<doc>Logs the given message with the given level.</doc>
<status status="PASS" start="2025-05-07T12:54:13.631660" elapsed="0.000964"/>
</kw>
<kw name="Should Be True" owner="BuiltIn">
<msg time="2025-05-07T12:54:13.633992" level="TRACE">Arguments: [ True | msg='Basic sanity check' ]</msg>
<msg time="2025-05-07T12:54:13.634743" level="TRACE">Return: None</msg>
<arg>${True}</arg>
<arg>msg=Basic sanity check</arg>
<doc>Fails if the given condition is not true.</doc>
<status status="PASS" start="2025-05-07T12:54:13.633100" elapsed="0.001760"/>
</kw>
<status status="PASS" start="2025-05-07T12:54:13.631074" elapsed="0.004761"/>
</test>
<status status="PASS" start="2025-05-07T12:54:13.611926" elapsed="0.024655"/>
</suite>
<status status="FAIL" start="2025-05-07T12:54:10.093361" elapsed="3.544927"/>
</suite>
<statistics>
<total>
<stat pass="1" fail="1" skip="0">All Tests</stat>
</total>
<tag>
</tag>
<suite>
<stat name="Tests" id="s1" pass="1" fail="1" skip="0">Tests</stat>
<stat name="Browser Test" id="s1-s1" pass="0" fail="1" skip="0">Tests.Browser Test</stat>
<stat name="Hello World" id="s1-s2" pass="1" fail="0" skip="0">Tests.Hello World</stat>
</suite>
</statistics>
<errors>
</errors>
</robot>
